mode: set
github.com/sunwolfengineering/nyla-core/pkg/geo/geo.go:17.46,18.48 1 0
github.com/sunwolfengineering/nyla-core/pkg/geo/geo.go:18.48,20.3 1 0
github.com/sunwolfengineering/nyla-core/pkg/geo/geo.go:21.2,21.21 1 0
github.com/sunwolfengineering/nyla-core/pkg/geo/geo.go:35.71,37.28 2 0
github.com/sunwolfengineering/nyla-core/pkg/geo/geo.go:37.28,39.54 2 0
github.com/sunwolfengineering/nyla-core/pkg/geo/geo.go:39.54,41.4 1 0
github.com/sunwolfengineering/nyla-core/pkg/geo/geo.go:42.3,42.21 1 0
github.com/sunwolfengineering/nyla-core/pkg/geo/geo.go:42.21,43.9 1 0
github.com/sunwolfengineering/nyla-core/pkg/geo/geo.go:47.2,47.20 1 0
github.com/sunwolfengineering/nyla-core/pkg/geo/geo.go:47.20,49.17 2 0
github.com/sunwolfengineering/nyla-core/pkg/geo/geo.go:49.17,51.4 1 0
github.com/sunwolfengineering/nyla-core/pkg/geo/geo.go:52.3,52.18 1 0
github.com/sunwolfengineering/nyla-core/pkg/geo/geo.go:55.2,56.15 2 0
github.com/sunwolfengineering/nyla-core/pkg/geo/geo.go:56.15,58.3 1 0
github.com/sunwolfengineering/nyla-core/pkg/geo/geo.go:59.2,59.16 1 0
github.com/sunwolfengineering/nyla-core/pkg/geo/geo.go:62.48,64.15 2 0
github.com/sunwolfengineering/nyla-core/pkg/geo/geo.go:64.15,66.3 1 0
github.com/sunwolfengineering/nyla-core/pkg/geo/geo.go:67.2,67.16 1 0
github.com/sunwolfengineering/nyla-core/pkg/geo/geo.go:70.46,72.16 2 0
github.com/sunwolfengineering/nyla-core/pkg/geo/geo.go:72.16,74.3 1 0
github.com/sunwolfengineering/nyla-core/pkg/geo/geo.go:76.2,77.16 2 0
github.com/sunwolfengineering/nyla-core/pkg/geo/geo.go:77.16,79.3 1 0
github.com/sunwolfengineering/nyla-core/pkg/geo/geo.go:80.2,84.19 4 0
github.com/sunwolfengineering/nyla-core/pkg/hash/hash.go:10.45,13.2 2 0
github.com/sunwolfengineering/nyla-core/pkg/hash/hash.go:16.84,22.16 5 0
github.com/sunwolfengineering/nyla-core/pkg/hash/hash.go:22.16,24.3 1 0
github.com/sunwolfengineering/nyla-core/pkg/hash/hash.go:26.2,27.18 2 0
github.com/sunwolfengineering/nyla-core/pkg/db/db.go:36.31,38.16 2 1
github.com/sunwolfengineering/nyla-core/pkg/db/db.go:38.16,40.3 1 0
github.com/sunwolfengineering/nyla-core/pkg/db/db.go:41.2,41.34 1 1
github.com/sunwolfengineering/nyla-core/pkg/db/db.go:41.34,43.3 1 0
github.com/sunwolfengineering/nyla-core/pkg/db/db.go:45.2,46.12 2 1
github.com/sunwolfengineering/nyla-core/pkg/db/db.go:49.103,89.2 3 1
github.com/sunwolfengineering/nyla-core/pkg/db/db.go:91.32,92.17 1 1
github.com/sunwolfengineering/nyla-core/pkg/db/db.go:92.17,94.3 1 1
github.com/sunwolfengineering/nyla-core/pkg/db/db.go:95.2,95.12 1 1
github.com/sunwolfengineering/nyla-core/pkg/db/db.go:98.24,101.16 3 1
github.com/sunwolfengineering/nyla-core/pkg/db/db.go:101.16,103.3 1 0
github.com/sunwolfengineering/nyla-core/pkg/db/db.go:104.2,104.18 1 1
github.com/sunwolfengineering/nyla-core/pkg/handlers/handlers.go:36.73,44.55 5 1
github.com/sunwolfengineering/nyla-core/pkg/handlers/handlers.go:44.55,52.3 5 1
github.com/sunwolfengineering/nyla-core/pkg/handlers/handlers.go:54.2,54.21 1 1
github.com/sunwolfengineering/nyla-core/pkg/handlers/handlers.go:54.21,62.3 5 1
github.com/sunwolfengineering/nyla-core/pkg/handlers/handlers.go:64.2,78.64 5 1
github.com/sunwolfengineering/nyla-core/pkg/handlers/handlers.go:78.64,80.3 1 0
github.com/sunwolfengineering/nyla-core/pkg/handlers/handlers.go:82.2,95.4 7 1
github.com/sunwolfengineering/nyla-core/pkg/handlers/handlers.go:98.79,103.40 4 1
github.com/sunwolfengineering/nyla-core/pkg/handlers/handlers.go:103.40,107.3 3 0
github.com/sunwolfengineering/nyla-core/pkg/handlers/handlers.go:108.2,113.27 3 1
github.com/sunwolfengineering/nyla-core/pkg/handlers/ui.go:15.79,80.2 4 0
